10:07 21:57:00.749 [main] [INFO] [com.revature.bms.BankingManagementSystemSpringHibernateApplication] - ###Application Started
10:07 21:57:00.858 [restartedMain] [INFO] [com.revature.bms.BankingManagementSystemSpringHibernateApplication] - ###Application Started
10:07 21:57:01.054 [background-preinit] [INFO] [org.hibernate.validator.internal.util.Version] - HV000001: Hibernate Validator 6.2.0.Final
10:07 21:57:01.081 [restartedMain] [INFO] [com.revature.bms.BankingManagementSystemSpringHibernateApplication] - Starting BankingManagementSystemSpringHibernateApplication using Java 16.0.2 on Rev-PF2YT95Q with PID 19144 (C:\Users\MeenaGovindaraj\Documents\GitHub\HMS_angular_admin\Project-BMS\BankingManagementSystem-SpringHibernate\target\classes started by MeenaGovindaraj in C:\Users\MeenaGovindaraj\Documents\GitHub\HMS_angular_admin\Project-BMS\BankingManagementSystem-SpringHibernate)
10:07 21:57:01.083 [restartedMain] [INFO] [com.revature.bms.BankingManagementSystemSpringHibernateApplication] - No active profile set, falling back to default profiles: default
10:07 21:57:01.112 [restartedMain] [INFO] [org.springframework.boot.devtools.env.DevToolsPropertyDefaultsPostProcessor] - Devtools property defaults active! Set 'spring.devtools.add-properties' to 'false' to disable
10:07 21:57:01.112 [restartedMain] [INFO] [org.springframework.boot.devtools.env.DevToolsPropertyDefaultsPostProcessor] - For additional web related logging consider setting the 'logging.level.web' property to 'DEBUG'
10:07 21:57:01.743 [restartedMain] [INFO] [org.springframework.data.repository.config.RepositoryConfigurationDelegate] - Bootstrapping Spring Data JPA repositories in DEFAULT mode.
10:07 21:57:01.760 [restartedMain] [INFO] [org.springframework.data.repository.config.RepositoryConfigurationDelegate] - Finished Spring Data repository scanning in 11 ms. Found 0 JPA repository interfaces.
10:07 21:57:02.187 [restartedMain] [INFO] [org.springframework.boot.web.embedded.tomcat.TomcatWebServer] - Tomcat initialized with port(s): 9001 (http)
10:07 21:57:02.193 [restartedMain] [INFO] [org.apache.coyote.http11.Http11NioProtocol] - Initializing ProtocolHandler ["http-nio-9001"]
10:07 21:57:02.194 [restartedMain] [INFO] [org.apache.catalina.core.StandardService] - Starting service [Tomcat]
10:07 21:57:02.194 [restartedMain] [INFO] [org.apache.catalina.core.StandardEngine] - Starting Servlet engine: [Apache Tomcat/9.0.52]
10:07 21:57:02.263 [restartedMain] [INFO] [org.apache.catalina.core.ContainerBase.[Tomcat].[localhost].[/]] - Initializing Spring embedded WebApplicationContext
10:07 21:57:02.263 [restartedMain] [INFO] [org.springframework.boot.web.servlet.context.ServletWebServerApplicationContext] - Root WebApplicationContext: initialization completed in 1151 ms
10:07 21:57:02.405 [restartedMain] [INFO] [com.zaxxer.hikari.HikariDataSource] - HikariPool-1 - Starting...
10:07 21:57:02.513 [restartedMain] [INFO] [com.zaxxer.hikari.HikariDataSource] - HikariPool-1 - Start completed.
10:07 21:57:02.551 [restartedMain] [INFO] [org.hibernate.jpa.internal.util.LogHelper] - HHH000204: Processing PersistenceUnitInfo [name: default]
10:07 21:57:02.587 [restartedMain] [INFO] [org.hibernate.Version] - HHH000412: Hibernate ORM core version 5.4.32.Final
10:07 21:57:02.684 [restartedMain] [INFO] [org.hibernate.annotations.common.Version] - HCANN000001: Hibernate Commons Annotations {5.1.2.Final}
10:07 21:57:02.767 [restartedMain] [INFO] [org.hibernate.dialect.Dialect] - HHH000400: Using dialect: org.hibernate.dialect.PostgreSQLDialect
10:07 21:57:03.646 [restartedMain] [INFO] [org.hibernate.engine.transaction.jta.platform.internal.JtaPlatformInitiator] - HHH000490: Using JtaPlatform implementation: [org.hibernate.engine.transaction.jta.platform.internal.NoJtaPlatform]
10:07 21:57:03.653 [restartedMain] [INFO] [org.springframework.orm.jpa.LocalContainerEntityManagerFactoryBean] - Initialized JPA EntityManagerFactory for persistence unit 'default'
10:07 21:57:03.771 [restartedMain] [WARN] [org.springframework.boot.autoconfigure.orm.jpa.JpaBaseConfiguration$JpaWebConfiguration] - spring.jpa.open-in-view is enabled by default. Therefore, database queries may be performed during view rendering. Explicitly configure spring.jpa.open-in-view to disable this warning
10:07 21:57:04.113 [restartedMain] [INFO] [org.springframework.boot.devtools.autoconfigure.OptionalLiveReloadServer] - LiveReload server is running on port 35729
10:07 21:57:04.117 [restartedMain] [INFO] [org.springframework.boot.actuate.endpoint.web.EndpointLinksResolver] - Exposing 13 endpoint(s) beneath base path '/actuator'
10:07 21:57:04.140 [restartedMain] [INFO] [org.apache.coyote.http11.Http11NioProtocol] - Starting ProtocolHandler ["http-nio-9001"]
10:07 21:57:04.160 [restartedMain] [INFO] [org.springframework.boot.web.embedded.tomcat.TomcatWebServer] - Tomcat started on port(s): 9001 (http) with context path ''
10:07 21:57:04.172 [restartedMain] [INFO] [com.revature.bms.BankingManagementSystemSpringHibernateApplication] - Started BankingManagementSystemSpringHibernateApplication in 3.31 seconds (JVM running for 4.014)
10:07 21:57:04.481 [RMI TCP Connection(3)-127.0.0.1] [INFO] [org.apache.catalina.core.ContainerBase.[Tomcat].[localhost].[/]] - Initializing Spring DispatcherServlet 'dispatcherServlet'
10:07 21:57:04.481 [RMI TCP Connection(3)-127.0.0.1] [INFO] [org.springframework.web.servlet.DispatcherServlet] - Initializing Servlet 'dispatcherServlet'
10:07 21:57:04.482 [RMI TCP Connection(3)-127.0.0.1] [INFO] [org.springframework.web.servlet.DispatcherServlet] - Completed initialization in 1 ms
10:07 21:57:13.905 [Thread-5] [INFO] [org.springframework.orm.jpa.LocalContainerEntityManagerFactoryBean] - Closing JPA EntityManagerFactory for persistence unit 'default'
10:07 21:57:13.907 [Thread-5] [INFO] [com.zaxxer.hikari.HikariDataSource] - HikariPool-1 - Shutdown initiated...
10:07 21:57:13.914 [Thread-5] [INFO] [com.zaxxer.hikari.HikariDataSource] - HikariPool-1 - Shutdown completed.
10:07 21:57:13.972 [restartedMain] [INFO] [com.revature.bms.BankingManagementSystemSpringHibernateApplication] - ###Application Started
10:07 21:57:15.901 [restartedMain] [INFO] [com.revature.bms.BankingManagementSystemSpringHibernateApplication] - Starting BankingManagementSystemSpringHibernateApplication using Java 16.0.2 on Rev-PF2YT95Q with PID 19144 (C:\Users\MeenaGovindaraj\Documents\GitHub\HMS_angular_admin\Project-BMS\BankingManagementSystem-SpringHibernate\target\classes started by MeenaGovindaraj in C:\Users\MeenaGovindaraj\Documents\GitHub\HMS_angular_admin\Project-BMS\BankingManagementSystem-SpringHibernate)
10:07 21:57:15.901 [restartedMain] [INFO] [com.revature.bms.BankingManagementSystemSpringHibernateApplication] - No active profile set, falling back to default profiles: default
10:07 21:57:16.118 [restartedMain] [INFO] [org.springframework.data.repository.config.RepositoryConfigurationDelegate] - Bootstrapping Spring Data JPA repositories in DEFAULT mode.
10:07 21:57:16.126 [restartedMain] [INFO] [org.springframework.data.repository.config.RepositoryConfigurationDelegate] - Finished Spring Data repository scanning in 8 ms. Found 0 JPA repository interfaces.
10:07 21:57:16.190 [restartedMain] [INFO] [org.springframework.boot.web.embedded.tomcat.TomcatWebServer] - Tomcat initialized with port(s): 9001 (http)
10:07 21:57:16.191 [restartedMain] [INFO] [org.apache.coyote.http11.Http11NioProtocol] - Initializing ProtocolHandler ["http-nio-9001"]
10:07 21:57:16.191 [restartedMain] [INFO] [org.apache.catalina.core.StandardService] - Starting service [Tomcat]
10:07 21:57:16.191 [restartedMain] [INFO] [org.apache.catalina.core.StandardEngine] - Starting Servlet engine: [Apache Tomcat/9.0.52]
10:07 21:57:16.204 [restartedMain] [INFO] [org.apache.catalina.core.ContainerBase.[Tomcat-1].[localhost].[/]] - Initializing Spring embedded WebApplicationContext
10:07 21:57:16.204 [restartedMain] [INFO] [org.springframework.boot.web.servlet.context.ServletWebServerApplicationContext] - Root WebApplicationContext: initialization completed in 301 ms
10:07 21:57:16.247 [restartedMain] [INFO] [com.zaxxer.hikari.HikariDataSource] - HikariPool-2 - Starting...
10:07 21:57:16.279 [restartedMain] [INFO] [com.zaxxer.hikari.HikariDataSource] - HikariPool-2 - Start completed.
10:07 21:57:16.286 [restartedMain] [INFO] [org.hibernate.jpa.internal.util.LogHelper] - HHH000204: Processing PersistenceUnitInfo [name: default]
10:07 21:57:16.290 [restartedMain] [INFO] [org.hibernate.dialect.Dialect] - HHH000400: Using dialect: org.hibernate.dialect.PostgreSQLDialect
10:07 21:57:16.689 [restartedMain] [INFO] [org.hibernate.engine.transaction.jta.platform.internal.JtaPlatformInitiator] - HHH000490: Using JtaPlatform implementation: [org.hibernate.engine.transaction.jta.platform.internal.NoJtaPlatform]
10:07 21:57:16.689 [restartedMain] [INFO] [org.springframework.orm.jpa.LocalContainerEntityManagerFactoryBean] - Initialized JPA EntityManagerFactory for persistence unit 'default'
10:07 21:57:16.740 [restartedMain] [WARN] [org.springframework.boot.autoconfigure.orm.jpa.JpaBaseConfiguration$JpaWebConfiguration] - spring.jpa.open-in-view is enabled by default. Therefore, database queries may be performed during view rendering. Explicitly configure spring.jpa.open-in-view to disable this warning
10:07 21:57:16.854 [restartedMain] [INFO] [org.springframework.boot.devtools.autoconfigure.OptionalLiveReloadServer] - LiveReload server is running on port 35729
10:07 21:57:16.856 [restartedMain] [INFO] [org.springframework.boot.actuate.endpoint.web.EndpointLinksResolver] - Exposing 13 endpoint(s) beneath base path '/actuator'
10:07 21:57:16.867 [restartedMain] [INFO] [org.apache.coyote.http11.Http11NioProtocol] - Starting ProtocolHandler ["http-nio-9001"]
10:07 21:57:16.873 [restartedMain] [INFO] [org.springframework.boot.web.embedded.tomcat.TomcatWebServer] - Tomcat started on port(s): 9001 (http) with context path ''
10:07 21:57:16.879 [restartedMain] [INFO] [com.revature.bms.BankingManagementSystemSpringHibernateApplication] - Started BankingManagementSystemSpringHibernateApplication in 1.013 seconds (JVM running for 16.721)
10:07 21:57:16.881 [restartedMain] [INFO] [org.springframework.boot.devtools.autoconfigure.ConditionEvaluationDeltaLoggingListener] - Condition evaluation unchanged
10:07 21:57:22.096 [RMI TCP Connection(2)-127.0.0.1] [INFO] [org.springframework.boot.admin.SpringApplicationAdminMXBeanRegistrar$SpringApplicationAdmin] - Application shutdown requested.
10:07 21:57:22.128 [RMI TCP Connection(2)-127.0.0.1] [INFO] [org.springframework.orm.jpa.LocalContainerEntityManagerFactoryBean] - Closing JPA EntityManagerFactory for persistence unit 'default'
10:07 21:57:22.128 [RMI TCP Connection(2)-127.0.0.1] [INFO] [com.zaxxer.hikari.HikariDataSource] - HikariPool-2 - Shutdown initiated...
10:07 21:57:22.131 [RMI TCP Connection(2)-127.0.0.1] [INFO] [com.zaxxer.hikari.HikariDataSource] - HikariPool-2 - Shutdown completed.
